::1 - - [14/Dec/2018:09:55:50 -0600] "GET / HTTP/1.1" 404 1057
::1 - - [14/Dec/2018:10:00:17 -0600] "GET / HTTP/1.1" 200 5591
::1 - - [14/Dec/2018:10:00:18 -0600] "GET /css/bootstrap.min.css HTTP/1.1" 200 121205
::1 - - [14/Dec/2018:10:00:18 -0600] "GET /css/style.css HTTP/1.1" 200 964
::1 - - [14/Dec/2018:10:00:18 -0600] "GET /css/bootstrap-theme.min.css HTTP/1.1" 200 23414
::1 - - [14/Dec/2018:10:00:18 -0600] "GET /js/jquery-3.1.0.min.js HTTP/1.1" 200 86355
::1 - - [14/Dec/2018:10:00:18 -0600] "GET /js/bootstrap.min.js HTTP/1.1" 200 37051
::1 - - [14/Dec/2018:10:00:18 -0600] "GET /img/zf-logo-mark.svg HTTP/1.1" 200 606
::1 - - [14/Dec/2018:10:00:18 -0600] "GET /img/favicon.ico HTTP/1.1" 200 1406
::1 - - [14/Dec/2018:10:38:15 -0600] "GET / HTTP/1.1" 200 952
::1 - - [14/Dec/2018:10:43:49 -0600] "GET / HTTP/1.1" 200 952
::1 - - [14/Dec/2018:10:46:18 -0600] "GET / HTTP/1.1" 200 952
::1 - - [14/Dec/2018:10:46:47 -0600] "GET / HTTP/1.1" 200 952
::1 - - [14/Dec/2018:10:49:43 -0600] "GET / HTTP/1.1" 200 5579
::1 - - [14/Dec/2018:10:49:43 -0600] "GET /css/bootstrap.min.css HTTP/1.1" 200 121205
::1 - - [14/Dec/2018:10:49:43 -0600] "GET /css/bootstrap-theme.min.css HTTP/1.1" 200 23414
::1 - - [14/Dec/2018:10:49:43 -0600] "GET /css/style.css HTTP/1.1" 200 964
::1 - - [14/Dec/2018:10:49:43 -0600] "GET /js/jquery-3.1.0.min.js HTTP/1.1" 200 86355
::1 - - [14/Dec/2018:10:49:43 -0600] "GET /js/bootstrap.min.js HTTP/1.1" 200 37051
::1 - - [14/Dec/2018:10:49:43 -0600] "GET /img/zf-logo-mark.svg HTTP/1.1" 200 606
::1 - - [14/Dec/2018:11:31:01 -0600] "GET / HTTP/1.1" 200 5579
::1 - - [14/Dec/2018:11:31:01 -0600] "GET /css/bootstrap.min.css HTTP/1.1" 200 121205
::1 - - [14/Dec/2018:11:31:01 -0600] "GET /css/bootstrap-theme.min.css HTTP/1.1" 200 23414
::1 - - [14/Dec/2018:11:31:01 -0600] "GET /css/style.css HTTP/1.1" 200 964
::1 - - [14/Dec/2018:11:31:01 -0600] "GET /js/jquery-3.1.0.min.js HTTP/1.1" 200 86355
::1 - - [14/Dec/2018:11:31:01 -0600] "GET /js/bootstrap.min.js HTTP/1.1" 200 37051
::1 - - [14/Dec/2018:11:31:01 -0600] "GET /img/zf-logo-mark.svg HTTP/1.1" 200 606
::1 - - [14/Dec/2018:13:12:10 -0600] "GET / HTTP/1.1" 200 5579
::1 - - [14/Dec/2018:13:12:13 -0600] "GET /css/bootstrap.min.css HTTP/1.1" 200 121205
::1 - - [14/Dec/2018:13:12:13 -0600] "GET /css/bootstrap-theme.min.css HTTP/1.1" 200 23414
::1 - - [14/Dec/2018:13:12:13 -0600] "GET /css/style.css HTTP/1.1" 200 964
::1 - - [14/Dec/2018:13:12:13 -0600] "GET /js/jquery-3.1.0.min.js HTTP/1.1" 200 86355
::1 - - [14/Dec/2018:13:12:13 -0600] "GET /js/bootstrap.min.js HTTP/1.1" 200 37051
::1 - - [14/Dec/2018:13:12:13 -0600] "GET /img/zf-logo-mark.svg HTTP/1.1" 200 606
::1 - - [14/Dec/2018:13:12:17 -0600] "GET /login HTTP/1.1" 404 2214
::1 - - [14/Dec/2018:13:12:17 -0600] "GET /css/bootstrap.min.css HTTP/1.1" 304 -
::1 - - [14/Dec/2018:13:12:17 -0600] "GET /css/bootstrap-theme.min.css HTTP/1.1" 304 -
::1 - - [14/Dec/2018:13:12:17 -0600] "GET /css/style.css HTTP/1.1" 304 -
::1 - - [14/Dec/2018:13:12:17 -0600] "GET /js/jquery-3.1.0.min.js HTTP/1.1" 304 -
::1 - - [14/Dec/2018:13:12:17 -0600] "GET /js/bootstrap.min.js HTTP/1.1" 304 -
::1 - - [14/Dec/2018:13:12:17 -0600] "GET /img/zf-logo-mark.svg HTTP/1.1" 304 -
::1 - - [14/Dec/2018:13:14:04 -0600] "GET /login HTTP/1.1" 200 1187
::1 - - [14/Dec/2018:13:16:06 -0600] "GET /login HTTP/1.1" 200 1187
::1 - - [14/Dec/2018:13:16:10 -0600] "GET /login HTTP/1.1" 200 1187
::1 - - [14/Dec/2018:13:16:20 -0600] "GET /login HTTP/1.1" 200 1187
::1 - - [14/Dec/2018:13:16:20 -0600] "GET /favicon.ico HTTP/1.1" 200 1187
::1 - - [14/Dec/2018:13:19:34 -0600] "GET /login HTTP/1.1" 200 1187
::1 - - [14/Dec/2018:13:21:43 -0600] "GET /login HTTP/1.1" 200 1187
::1 - - [14/Dec/2018:13:22:43 -0600] "GET / HTTP/1.1" 200 1187
::1 - - [14/Dec/2018:13:23:48 -0600] "GET / HTTP/1.1" 200 1187
::1 - - [14/Dec/2018:13:26:34 -0600] "GET / HTTP/1.1" 200 1187
::1 - - [14/Dec/2018:13:26:47 -0600] "GET / HTTP/1.1" 200 1184
::1 - - [14/Dec/2018:13:29:20 -0600] "GET / HTTP/1.1" 200 1187
::1 - - [14/Dec/2018:13:29:58 -0600] "GET / HTTP/1.1" 200 5579
::1 - - [14/Dec/2018:13:30:00 -0600] "GET /css/bootstrap.min.css HTTP/1.1" 200 121205
::1 - - [14/Dec/2018:13:30:00 -0600] "GET /css/bootstrap-theme.min.css HTTP/1.1" 200 23414
::1 - - [14/Dec/2018:13:30:00 -0600] "GET /css/style.css HTTP/1.1" 200 964
::1 - - [14/Dec/2018:13:30:00 -0600] "GET /js/jquery-3.1.0.min.js HTTP/1.1" 200 86355
::1 - - [14/Dec/2018:13:30:00 -0600] "GET /js/bootstrap.min.js HTTP/1.1" 200 37051
::1 - - [14/Dec/2018:13:30:00 -0600] "GET /img/zf-logo-mark.svg HTTP/1.1" 200 606
::1 - - [14/Dec/2018:13:30:04 -0600] "GET /login HTTP/1.1" 500 4075
::1 - - [14/Dec/2018:13:30:05 -0600] "GET /css/bootstrap.min.css HTTP/1.1" 304 -
::1 - - [14/Dec/2018:13:30:05 -0600] "GET /css/bootstrap-theme.min.css HTTP/1.1" 304 -
::1 - - [14/Dec/2018:13:30:05 -0600] "GET /css/style.css HTTP/1.1" 304 -
::1 - - [14/Dec/2018:13:30:05 -0600] "GET /js/jquery-3.1.0.min.js HTTP/1.1" 304 -
::1 - - [14/Dec/2018:13:30:05 -0600] "GET /js/bootstrap.min.js HTTP/1.1" 304 -
::1 - - [14/Dec/2018:13:30:05 -0600] "GET /img/zf-logo-mark.svg HTTP/1.1" 304 -
::1 - - [14/Dec/2018:13:31:23 -0600] "GET /login HTTP/1.1" 200 3317
::1 - - [14/Dec/2018:13:31:24 -0600] "GET /css/bootstrap.min.css HTTP/1.1" 304 -
::1 - - [14/Dec/2018:13:31:24 -0600] "GET /css/bootstrap-theme.min.css HTTP/1.1" 304 -
::1 - - [14/Dec/2018:13:31:24 -0600] "GET /css/style.css HTTP/1.1" 304 -
::1 - - [14/Dec/2018:13:31:24 -0600] "GET /js/jquery-3.1.0.min.js HTTP/1.1" 304 -
::1 - - [14/Dec/2018:13:31:24 -0600] "GET /js/bootstrap.min.js HTTP/1.1" 304 -
::1 - - [14/Dec/2018:13:31:24 -0600] "GET /img/overairlogo.png HTTP/1.1" 200 28850
::1 - - [14/Dec/2018:13:31:24 -0600] "GET /img/favicon-ntt.ico HTTP/1.1" 200 1576
::1 - - [14/Dec/2018:13:43:56 -0600] "GET /login HTTP/1.1" 200 3317
::1 - - [14/Dec/2018:13:43:56 -0600] "GET /css/bootstrap.min.css HTTP/1.1" 304 -
::1 - - [14/Dec/2018:13:43:56 -0600] "GET /css/bootstrap-theme.min.css HTTP/1.1" 304 -
::1 - - [14/Dec/2018:13:43:56 -0600] "GET /css/style.css HTTP/1.1" 200 5391
::1 - - [14/Dec/2018:13:43:56 -0600] "GET /img/overairlogo.png HTTP/1.1" 304 -
::1 - - [14/Dec/2018:13:43:56 -0600] "GET /js/bootstrap.min.js HTTP/1.1" 304 -
::1 - - [14/Dec/2018:13:43:56 -0600] "GET /js/jquery-3.1.0.min.js HTTP/1.1" 304 -
::1 - - [14/Dec/2018:13:51:20 -0600] "GET /login HTTP/1.1" 200 3338
::1 - - [14/Dec/2018:13:51:20 -0600] "GET /css/bootstrap.min.css HTTP/1.1" 304 -
::1 - - [14/Dec/2018:13:51:20 -0600] "GET /css/bootstrap-theme.min.css HTTP/1.1" 304 -
::1 - - [14/Dec/2018:13:51:20 -0600] "GET /css/style.css HTTP/1.1" 304 -
::1 - - [14/Dec/2018:13:51:20 -0600] "GET /img/overairlogo.png HTTP/1.1" 304 -
::1 - - [14/Dec/2018:13:51:20 -0600] "GET /js/bootstrap.min.js HTTP/1.1" 304 -
::1 - - [14/Dec/2018:13:51:20 -0600] "GET /js/jquery-3.1.0.min.js HTTP/1.1" 304 -
::1 - - [14/Dec/2018:13:52:32 -0600] "POST /login HTTP/1.1" 500 4589
::1 - - [14/Dec/2018:13:52:32 -0600] "GET /css/bootstrap.min.css HTTP/1.1" 304 -
::1 - - [14/Dec/2018:13:52:32 -0600] "GET /css/style.css HTTP/1.1" 304 -
::1 - - [14/Dec/2018:13:52:32 -0600] "GET /css/bootstrap-theme.min.css HTTP/1.1" 304 -
::1 - - [14/Dec/2018:13:52:32 -0600] "GET /js/jquery-3.1.0.min.js HTTP/1.1" 304 -
::1 - - [14/Dec/2018:13:52:32 -0600] "GET /js/bootstrap.min.js HTTP/1.1" 304 -
::1 - - [14/Dec/2018:13:52:32 -0600] "GET /img/overairlogo.png HTTP/1.1" 304 -
::1 - - [14/Dec/2018:13:54:47 -0600] "GET /login HTTP/1.1" 200 3338
::1 - - [14/Dec/2018:13:54:47 -0600] "GET /css/bootstrap.min.css HTTP/1.1" 304 -
::1 - - [14/Dec/2018:13:54:47 -0600] "GET /css/bootstrap-theme.min.css HTTP/1.1" 304 -
::1 - - [14/Dec/2018:13:54:47 -0600] "GET /css/style.css HTTP/1.1" 304 -
::1 - - [14/Dec/2018:13:54:47 -0600] "GET /js/jquery-3.1.0.min.js HTTP/1.1" 304 -
::1 - - [14/Dec/2018:13:54:47 -0600] "GET /js/bootstrap.min.js HTTP/1.1" 304 -
::1 - - [14/Dec/2018:13:54:47 -0600] "GET /img/overairlogo.png HTTP/1.1" 304 -
::1 - - [14/Dec/2018:13:54:57 -0600] "POST /login HTTP/1.1" 500 4589
::1 - - [14/Dec/2018:13:54:57 -0600] "GET /css/bootstrap.min.css HTTP/1.1" 304 -
::1 - - [14/Dec/2018:13:54:57 -0600] "GET /css/bootstrap-theme.min.css HTTP/1.1" 304 -
::1 - - [14/Dec/2018:13:54:57 -0600] "GET /css/style.css HTTP/1.1" 304 -
::1 - - [14/Dec/2018:13:54:57 -0600] "GET /js/jquery-3.1.0.min.js HTTP/1.1" 304 -
::1 - - [14/Dec/2018:13:54:57 -0600] "GET /js/bootstrap.min.js HTTP/1.1" 304 -
::1 - - [14/Dec/2018:13:54:57 -0600] "GET /img/overairlogo.png HTTP/1.1" 304 -
::1 - - [14/Dec/2018:14:05:14 -0600] "GET /forbidden HTTP/1.1" 302 2405
::1 - - [14/Dec/2018:14:05:14 -0600] "GET /login HTTP/1.1" 200 3338
::1 - - [14/Dec/2018:14:05:14 -0600] "GET /css/bootstrap.min.css HTTP/1.1" 304 -
::1 - - [14/Dec/2018:14:05:14 -0600] "GET /css/bootstrap-theme.min.css HTTP/1.1" 304 -
::1 - - [14/Dec/2018:14:05:14 -0600] "GET /css/style.css HTTP/1.1" 304 -
::1 - - [14/Dec/2018:14:05:14 -0600] "GET /img/overairlogo.png HTTP/1.1" 304 -
::1 - - [14/Dec/2018:14:05:14 -0600] "GET /js/bootstrap.min.js HTTP/1.1" 304 -
::1 - - [14/Dec/2018:14:05:14 -0600] "GET /js/jquery-3.1.0.min.js HTTP/1.1" 304 -
::1 - - [14/Dec/2018:14:05:59 -0600] "GET /home HTTP/1.1" 404 2214
::1 - - [14/Dec/2018:14:05:59 -0600] "GET /css/bootstrap.min.css HTTP/1.1" 304 -
::1 - - [14/Dec/2018:14:05:59 -0600] "GET /css/bootstrap-theme.min.css HTTP/1.1" 304 -
::1 - - [14/Dec/2018:14:05:59 -0600] "GET /css/style.css HTTP/1.1" 304 -
::1 - - [14/Dec/2018:14:05:59 -0600] "GET /js/jquery-3.1.0.min.js HTTP/1.1" 304 -
::1 - - [14/Dec/2018:14:05:59 -0600] "GET /js/bootstrap.min.js HTTP/1.1" 304 -
::1 - - [14/Dec/2018:14:05:59 -0600] "GET /img/zf-logo-mark.svg HTTP/1.1" 304 -
::1 - - [14/Dec/2018:14:06:04 -0600] "GET / HTTP/1.1" 200 5579
::1 - - [14/Dec/2018:14:06:04 -0600] "GET /css/bootstrap.min.css HTTP/1.1" 304 -
::1 - - [14/Dec/2018:14:06:04 -0600] "GET /css/bootstrap-theme.min.css HTTP/1.1" 304 -
::1 - - [14/Dec/2018:14:06:04 -0600] "GET /css/style.css HTTP/1.1" 304 -
::1 - - [14/Dec/2018:14:06:04 -0600] "GET /js/jquery-3.1.0.min.js HTTP/1.1" 304 -
::1 - - [14/Dec/2018:14:06:04 -0600] "GET /js/bootstrap.min.js HTTP/1.1" 304 -
::1 - - [14/Dec/2018:14:06:04 -0600] "GET /img/zf-logo-mark.svg HTTP/1.1" 304 -
::1 - - [14/Dec/2018:14:06:27 -0600] "GET /login HTTP/1.1" 200 3338
::1 - - [14/Dec/2018:14:06:27 -0600] "GET /css/bootstrap.min.css HTTP/1.1" 304 -
::1 - - [14/Dec/2018:14:06:27 -0600] "GET /css/bootstrap-theme.min.css HTTP/1.1" 304 -
::1 - - [14/Dec/2018:14:06:27 -0600] "GET /css/style.css HTTP/1.1" 304 -
::1 - - [14/Dec/2018:14:06:27 -0600] "GET /js/jquery-3.1.0.min.js HTTP/1.1" 304 -
::1 - - [14/Dec/2018:14:06:27 -0600] "GET /js/bootstrap.min.js HTTP/1.1" 304 -
::1 - - [14/Dec/2018:14:06:27 -0600] "GET /img/overairlogo.png HTTP/1.1" 304 -
::1 - - [14/Dec/2018:14:09:01 -0600] "POST /login HTTP/1.1" 200 3576
::1 - - [14/Dec/2018:14:09:02 -0600] "GET /css/bootstrap.min.css HTTP/1.1" 304 -
::1 - - [14/Dec/2018:14:09:02 -0600] "GET /css/bootstrap-theme.min.css HTTP/1.1" 304 -
::1 - - [14/Dec/2018:14:09:02 -0600] "GET /css/style.css HTTP/1.1" 304 -
::1 - - [14/Dec/2018:14:09:02 -0600] "GET /js/jquery-3.1.0.min.js HTTP/1.1" 304 -
::1 - - [14/Dec/2018:14:09:02 -0600] "GET /js/bootstrap.min.js HTTP/1.1" 304 -
::1 - - [14/Dec/2018:14:09:02 -0600] "GET /img/overairlogo.png HTTP/1.1" 304 -
::1 - - [14/Dec/2018:14:09:08 -0600] "POST /login HTTP/1.1" 500 4581
::1 - - [14/Dec/2018:14:09:08 -0600] "GET /css/bootstrap.min.css HTTP/1.1" 304 -
::1 - - [14/Dec/2018:14:09:08 -0600] "GET /css/bootstrap-theme.min.css HTTP/1.1" 304 -
::1 - - [14/Dec/2018:14:09:08 -0600] "GET /css/style.css HTTP/1.1" 304 -
::1 - - [14/Dec/2018:14:09:08 -0600] "GET /js/jquery-3.1.0.min.js HTTP/1.1" 304 -
::1 - - [14/Dec/2018:14:09:08 -0600] "GET /js/bootstrap.min.js HTTP/1.1" 304 -
::1 - - [14/Dec/2018:14:09:08 -0600] "GET /img/overairlogo.png HTTP/1.1" 304 -
::1 - - [14/Dec/2018:14:10:32 -0600] "POST /login HTTP/1.1" 302 -
::1 - - [14/Dec/2018:14:10:32 -0600] "GET / HTTP/1.1" 200 5579
::1 - - [14/Dec/2018:14:10:32 -0600] "GET /css/bootstrap.min.css HTTP/1.1" 304 -
::1 - - [14/Dec/2018:14:10:32 -0600] "GET /css/bootstrap-theme.min.css HTTP/1.1" 304 -
::1 - - [14/Dec/2018:14:10:32 -0600] "GET /css/style.css HTTP/1.1" 304 -
::1 - - [14/Dec/2018:14:10:32 -0600] "GET /img/zf-logo-mark.svg HTTP/1.1" 304 -
::1 - - [14/Dec/2018:14:10:32 -0600] "GET /js/bootstrap.min.js HTTP/1.1" 304 -
::1 - - [14/Dec/2018:14:10:32 -0600] "GET /js/jquery-3.1.0.min.js HTTP/1.1" 304 -
::1 - - [14/Dec/2018:14:10:39 -0600] "GET /login HTTP/1.1" 302 -
::1 - - [14/Dec/2018:14:10:39 -0600] "GET / HTTP/1.1" 200 5579
::1 - - [14/Dec/2018:14:10:39 -0600] "GET /css/bootstrap.min.css HTTP/1.1" 304 -
::1 - - [14/Dec/2018:14:10:39 -0600] "GET /css/bootstrap-theme.min.css HTTP/1.1" 304 -
::1 - - [14/Dec/2018:14:10:39 -0600] "GET /css/style.css HTTP/1.1" 304 -
::1 - - [14/Dec/2018:14:10:39 -0600] "GET /js/jquery-3.1.0.min.js HTTP/1.1" 304 -
::1 - - [14/Dec/2018:14:10:39 -0600] "GET /js/bootstrap.min.js HTTP/1.1" 304 -
::1 - - [14/Dec/2018:14:10:39 -0600] "GET /img/zf-logo-mark.svg HTTP/1.1" 304 -
::1 - - [14/Dec/2018:14:10:58 -0600] "GET /logout HTTP/1.1" 404 2330
::1 - - [14/Dec/2018:14:10:58 -0600] "GET /css/bootstrap.min.css HTTP/1.1" 304 -
::1 - - [14/Dec/2018:14:10:58 -0600] "GET /css/bootstrap-theme.min.css HTTP/1.1" 304 -
::1 - - [14/Dec/2018:14:10:58 -0600] "GET /css/style.css HTTP/1.1" 304 -
::1 - - [14/Dec/2018:14:10:58 -0600] "GET /js/jquery-3.1.0.min.js HTTP/1.1" 304 -
::1 - - [14/Dec/2018:14:10:58 -0600] "GET /js/bootstrap.min.js HTTP/1.1" 304 -
::1 - - [14/Dec/2018:14:10:58 -0600] "GET /img/zf-logo-mark.svg HTTP/1.1" 304 -
::1 - - [14/Dec/2018:14:11:51 -0600] "GET /logout HTTP/1.1" 302 -
::1 - - [14/Dec/2018:14:11:51 -0600] "GET /login HTTP/1.1" 200 3338
::1 - - [14/Dec/2018:14:11:51 -0600] "GET /css/bootstrap.min.css HTTP/1.1" 304 -
::1 - - [14/Dec/2018:14:11:51 -0600] "GET /css/bootstrap-theme.min.css HTTP/1.1" 304 -
::1 - - [14/Dec/2018:14:11:51 -0600] "GET /css/style.css HTTP/1.1" 304 -
::1 - - [14/Dec/2018:14:11:51 -0600] "GET /js/bootstrap.min.js HTTP/1.1" 304 -
::1 - - [14/Dec/2018:14:11:51 -0600] "GET /img/overairlogo.png HTTP/1.1" 304 -
::1 - - [14/Dec/2018:14:11:51 -0600] "GET /js/jquery-3.1.0.min.js HTTP/1.1" 304 -
::1 - - [14/Dec/2018:14:11:59 -0600] "GET / HTTP/1.1" 200 5579
::1 - - [14/Dec/2018:14:11:59 -0600] "GET /css/bootstrap.min.css HTTP/1.1" 304 -
::1 - - [14/Dec/2018:14:11:59 -0600] "GET /css/bootstrap-theme.min.css HTTP/1.1" 304 -
::1 - - [14/Dec/2018:14:11:59 -0600] "GET /css/style.css HTTP/1.1" 304 -
::1 - - [14/Dec/2018:14:11:59 -0600] "GET /js/jquery-3.1.0.min.js HTTP/1.1" 304 -
::1 - - [14/Dec/2018:14:11:59 -0600] "GET /js/bootstrap.min.js HTTP/1.1" 304 -
::1 - - [14/Dec/2018:14:11:59 -0600] "GET /img/zf-logo-mark.svg HTTP/1.1" 304 -
::1 - - [14/Dec/2018:14:20:09 -0600] "GET / HTTP/1.1" 200 7124
::1 - - [14/Dec/2018:14:20:09 -0600] "GET /css/bootstrap.min.css HTTP/1.1" 200 121205
::1 - - [14/Dec/2018:14:20:09 -0600] "GET /css/bootstrap-theme.min.css HTTP/1.1" 200 23414
::1 - - [14/Dec/2018:14:20:09 -0600] "GET /css/style.css HTTP/1.1" 200 5391
::1 - - [14/Dec/2018:14:20:09 -0600] "GET /css/bootcomplete.css HTTP/1.1" 404 3759
::1 - - [14/Dec/2018:14:20:09 -0600] "GET /css/bootstrap-datepicker3.css HTTP/1.1" 404 3759
::1 - - [14/Dec/2018:14:20:10 -0600] "GET /js/jquery-3.1.0.min.js HTTP/1.1" 200 86355
::1 - - [14/Dec/2018:14:20:10 -0600] "GET /js/bootstrap.min.js HTTP/1.1" 200 37051
::1 - - [14/Dec/2018:14:20:10 -0600] "GET /js/jquery.bootcomplete.js HTTP/1.1" 404 3759
::1 - - [14/Dec/2018:14:20:10 -0600] "GET /js/waiting.dialog.js HTTP/1.1" 404 3759
::1 - - [14/Dec/2018:14:20:10 -0600] "GET /js/bootstrap-datepicker.min.js HTTP/1.1" 404 3759
::1 - - [14/Dec/2018:14:20:10 -0600] "GET /js/jquery.moveSelected.js HTTP/1.1" 404 3759
::1 - - [14/Dec/2018:14:20:10 -0600] "GET /img/overairlogo.png HTTP/1.1" 200 28850
::1 - - [14/Dec/2018:14:20:10 -0600] "GET /img/loading.gif HTTP/1.1" 200 1849
::1 - - [14/Dec/2018:14:20:25 -0600] "GET /login HTTP/1.1" 200 3338
::1 - - [14/Dec/2018:14:20:25 -0600] "GET /css/bootstrap.min.css HTTP/1.1" 304 -
::1 - - [14/Dec/2018:14:20:25 -0600] "GET /css/bootstrap-theme.min.css HTTP/1.1" 304 -
::1 - - [14/Dec/2018:14:20:25 -0600] "GET /css/style.css HTTP/1.1" 304 -
::1 - - [14/Dec/2018:14:20:25 -0600] "GET /js/jquery-3.1.0.min.js HTTP/1.1" 304 -
::1 - - [14/Dec/2018:14:20:25 -0600] "GET /js/bootstrap.min.js HTTP/1.1" 304 -
::1 - - [14/Dec/2018:14:20:25 -0600] "GET /img/overairlogo.png HTTP/1.1" 304 -
::1 - - [14/Dec/2018:14:20:37 -0600] "POST /login HTTP/1.1" 302 -
::1 - - [14/Dec/2018:14:20:37 -0600] "GET / HTTP/1.1" 200 2534
::1 - - [14/Dec/2018:14:20:37 -0600] "GET /css/bootstrap.min.css HTTP/1.1" 304 -
::1 - - [14/Dec/2018:14:20:37 -0600] "GET /css/bootstrap-theme.min.css HTTP/1.1" 304 -
::1 - - [14/Dec/2018:14:20:37 -0600] "GET /css/style.css HTTP/1.1" 304 -
::1 - - [14/Dec/2018:14:20:37 -0600] "GET /js/jquery-3.1.0.min.js HTTP/1.1" 304 -
::1 - - [14/Dec/2018:14:20:37 -0600] "GET /js/bootstrap.min.js HTTP/1.1" 304 -
::1 - - [14/Dec/2018:14:20:37 -0600] "GET /css/bootstrap-datepicker3.css HTTP/1.1" 200 2534
::1 - - [14/Dec/2018:14:20:37 -0600] "GET /img/overairlogo.png HTTP/1.1" 304 -
::1 - - [14/Dec/2018:14:20:37 -0600] "GET /css/bootcomplete.css HTTP/1.1" 200 2534
::1 - - [14/Dec/2018:14:20:37 -0600] "GET /js/jquery.bootcomplete.js HTTP/1.1" 200 2534
::1 - - [14/Dec/2018:14:20:37 -0600] "GET /js/waiting.dialog.js HTTP/1.1" 200 2534
::1 - - [14/Dec/2018:14:20:37 -0600] "GET /js/bootstrap-datepicker.min.js HTTP/1.1" 200 2534
::1 - - [14/Dec/2018:14:20:37 -0600] "GET /js/jquery.moveSelected.js HTTP/1.1" 200 2534
::1 - - [14/Dec/2018:14:27:38 -0600] "GET /user HTTP/1.1" 200 2534
::1 - - [14/Dec/2018:14:27:38 -0600] "GET /css/bootstrap.min.css HTTP/1.1" 304 -
::1 - - [14/Dec/2018:14:27:38 -0600] "GET /css/bootstrap-theme.min.css HTTP/1.1" 304 -
::1 - - [14/Dec/2018:14:27:38 -0600] "GET /css/style.css HTTP/1.1" 304 -
::1 - - [14/Dec/2018:14:27:38 -0600] "GET /js/jquery-3.1.0.min.js HTTP/1.1" 304 -
::1 - - [14/Dec/2018:14:27:38 -0600] "GET /js/bootstrap.min.js HTTP/1.1" 304 -
::1 - - [14/Dec/2018:14:27:38 -0600] "GET /css/bootstrap-datepicker3.css HTTP/1.1" 200 2534
::1 - - [14/Dec/2018:14:27:38 -0600] "GET /img/overairlogo.png HTTP/1.1" 304 -
::1 - - [14/Dec/2018:14:27:38 -0600] "GET /css/bootcomplete.css HTTP/1.1" 200 2534
::1 - - [14/Dec/2018:14:27:38 -0600] "GET /js/jquery.moveSelected.js HTTP/1.1" 200 2534
::1 - - [14/Dec/2018:14:27:38 -0600] "GET /js/jquery.bootcomplete.js HTTP/1.1" 200 2534
::1 - - [14/Dec/2018:14:27:38 -0600] "GET /js/bootstrap-datepicker.min.js HTTP/1.1" 200 2534
::1 - - [14/Dec/2018:14:27:38 -0600] "GET /js/waiting.dialog.js HTTP/1.1" 200 2534
::1 - - [14/Dec/2018:14:28:11 -0600] "GET /user HTTP/1.1" 200 2534
::1 - - [14/Dec/2018:14:28:12 -0600] "GET /css/bootstrap.min.css HTTP/1.1" 200 121205
::1 - - [14/Dec/2018:14:28:12 -0600] "GET /css/bootstrap-theme.min.css HTTP/1.1" 200 23414
::1 - - [14/Dec/2018:14:28:12 -0600] "GET /css/style.css HTTP/1.1" 200 5391
::1 - - [14/Dec/2018:14:28:12 -0600] "GET /css/bootcomplete.css HTTP/1.1" 200 2534
::1 - - [14/Dec/2018:14:28:12 -0600] "GET /css/bootstrap-datepicker3.css HTTP/1.1" 200 2534
::1 - - [14/Dec/2018:14:28:12 -0600] "GET /js/jquery-3.1.0.min.js HTTP/1.1" 200 86355
::1 - - [14/Dec/2018:14:28:12 -0600] "GET /js/bootstrap.min.js HTTP/1.1" 200 37051
::1 - - [14/Dec/2018:14:28:12 -0600] "GET /js/jquery.bootcomplete.js HTTP/1.1" 200 2534
::1 - - [14/Dec/2018:14:28:12 -0600] "GET /js/waiting.dialog.js HTTP/1.1" 200 2534
::1 - - [14/Dec/2018:14:28:12 -0600] "GET /js/bootstrap-datepicker.min.js HTTP/1.1" 200 2534
::1 - - [14/Dec/2018:14:28:12 -0600] "GET /js/jquery.moveSelected.js HTTP/1.1" 200 2534
::1 - - [14/Dec/2018:14:28:12 -0600] "GET /img/overairlogo.png HTTP/1.1" 200 28850
::1 - - [14/Dec/2018:14:28:35 -0600] "GET /css/bootstrap.min.css HTTP/1.1" 200 121205
::1 - - [14/Dec/2018:14:28:35 -0600] "GET /user HTTP/1.1" 200 8194
::1 - - [14/Dec/2018:14:28:35 -0600] "GET /css/bootstrap-theme.min.css HTTP/1.1" 200 23414
::1 - - [14/Dec/2018:14:28:35 -0600] "GET /css/style.css HTTP/1.1" 200 5391
::1 - - [14/Dec/2018:14:28:35 -0600] "GET /css/bootcomplete.css HTTP/1.1" 404 4435
::1 - - [14/Dec/2018:14:28:35 -0600] "GET /css/bootstrap-datepicker3.css HTTP/1.1" 404 4435
::1 - - [14/Dec/2018:14:28:35 -0600] "GET /js/jquery-3.1.0.min.js HTTP/1.1" 200 86355
::1 - - [14/Dec/2018:14:28:35 -0600] "GET /js/bootstrap.min.js HTTP/1.1" 200 37051
::1 - - [14/Dec/2018:14:28:35 -0600] "GET /js/jquery.bootcomplete.js HTTP/1.1" 404 4435
::1 - - [14/Dec/2018:14:28:35 -0600] "GET /js/waiting.dialog.js HTTP/1.1" 404 4435
::1 - - [14/Dec/2018:14:28:35 -0600] "GET /js/bootstrap-datepicker.min.js HTTP/1.1" 404 4435
::1 - - [14/Dec/2018:14:28:35 -0600] "GET /js/jquery.moveSelected.js HTTP/1.1" 404 4435
::1 - - [14/Dec/2018:14:28:35 -0600] "GET /img/overairlogo.png HTTP/1.1" 200 28850
::1 - - [14/Dec/2018:14:28:35 -0600] "GET /img/loading.gif HTTP/1.1" 200 1849
::1 - - [14/Dec/2018:14:28:36 -0600] "GET /fonts/glyphicons-halflings-regular.eot? HTTP/1.1" 200 20127
::1 - - [14/Dec/2018:14:29:25 -0600] "GET /user HTTP/1.1" 200 4314
::1 - - [14/Dec/2018:14:29:25 -0600] "GET /css/bootstrap.min.css HTTP/1.1" 304 -
::1 - - [14/Dec/2018:14:29:25 -0600] "GET /css/bootstrap-theme.min.css HTTP/1.1" 304 -
::1 - - [14/Dec/2018:14:29:25 -0600] "GET /css/style.css HTTP/1.1" 304 -
::1 - - [14/Dec/2018:14:29:25 -0600] "GET /js/bootstrap.min.js HTTP/1.1" 304 -
::1 - - [14/Dec/2018:14:29:25 -0600] "GET /js/jquery-3.1.0.min.js HTTP/1.1" 304 -
::1 - - [14/Dec/2018:14:29:25 -0600] "GET /js/bootstrap-datepicker.min.js HTTP/1.1" 404 4435
::1 - - [14/Dec/2018:14:29:25 -0600] "GET /css/bootstrap-datepicker3.css HTTP/1.1" 404 4435
::1 - - [14/Dec/2018:14:29:25 -0600] "GET /img/overairlogo.png HTTP/1.1" 304 -
::1 - - [14/Dec/2018:14:29:25 -0600] "GET /img/loading.gif HTTP/1.1" 304 -
::1 - - [14/Dec/2018:14:29:25 -0600] "GET /js/jquery.bootcomplete.js HTTP/1.1" 404 4435
::1 - - [14/Dec/2018:14:29:25 -0600] "GET /css/bootcomplete.css HTTP/1.1" 404 4435
::1 - - [14/Dec/2018:14:29:25 -0600] "GET /js/jquery.moveSelected.js HTTP/1.1" 404 4435
::1 - - [14/Dec/2018:14:29:25 -0600] "GET /js/waiting.dialog.js HTTP/1.1" 404 4435
::1 - - [14/Dec/2018:14:29:25 -0600] "GET /fonts/glyphicons-halflings-regular.eot? HTTP/1.1" 304 -
::1 - - [14/Dec/2018:14:29:30 -0600] "GET /logout HTTP/1.1" 302 -
::1 - - [14/Dec/2018:14:29:30 -0600] "GET /login HTTP/1.1" 200 3338
::1 - - [14/Dec/2018:14:29:30 -0600] "GET /css/bootstrap.min.css HTTP/1.1" 304 -
::1 - - [14/Dec/2018:14:29:30 -0600] "GET /css/bootstrap-theme.min.css HTTP/1.1" 304 -
::1 - - [14/Dec/2018:14:29:30 -0600] "GET /css/style.css HTTP/1.1" 304 -
::1 - - [14/Dec/2018:14:29:30 -0600] "GET /js/jquery-3.1.0.min.js HTTP/1.1" 304 -
::1 - - [14/Dec/2018:14:29:30 -0600] "GET /js/bootstrap.min.js HTTP/1.1" 304 -
::1 - - [14/Dec/2018:14:29:30 -0600] "GET /img/overairlogo.png HTTP/1.1" 304 -
::1 - - [14/Dec/2018:14:32:57 -0600] "POST /login HTTP/1.1" 302 -
::1 - - [14/Dec/2018:14:32:57 -0600] "GET / HTTP/1.1" 200 7800
::1 - - [14/Dec/2018:14:32:58 -0600] "GET /css/bootstrap.min.css HTTP/1.1" 304 -
::1 - - [14/Dec/2018:14:32:58 -0600] "GET /css/bootstrap-theme.min.css HTTP/1.1" 304 -
::1 - - [14/Dec/2018:14:32:58 -0600] "GET /css/style.css HTTP/1.1" 304 -
::1 - - [14/Dec/2018:14:32:58 -0600] "GET /js/jquery-3.1.0.min.js HTTP/1.1" 304 -
::1 - - [14/Dec/2018:14:32:58 -0600] "GET /js/bootstrap.min.js HTTP/1.1" 304 -
::1 - - [14/Dec/2018:14:32:58 -0600] "GET /css/bootcomplete.css HTTP/1.1" 404 4435
::1 - - [14/Dec/2018:14:32:58 -0600] "GET /img/overairlogo.png HTTP/1.1" 304 -
::1 - - [14/Dec/2018:14:32:58 -0600] "GET /img/loading.gif HTTP/1.1" 304 -
::1 - - [14/Dec/2018:14:32:58 -0600] "GET /css/bootstrap-datepicker3.css HTTP/1.1" 404 4435
::1 - - [14/Dec/2018:14:32:58 -0600] "GET /js/waiting.dialog.js HTTP/1.1" 404 4435
::1 - - [14/Dec/2018:14:32:58 -0600] "GET /js/jquery.bootcomplete.js HTTP/1.1" 404 4435
::1 - - [14/Dec/2018:14:32:58 -0600] "GET /js/jquery.moveSelected.js HTTP/1.1" 404 4435
::1 - - [14/Dec/2018:14:32:58 -0600] "GET /js/bootstrap-datepicker.min.js HTTP/1.1" 404 4435
::1 - - [14/Dec/2018:14:32:58 -0600] "GET /fonts/glyphicons-halflings-regular.eot? HTTP/1.1" 304 -
::1 - - [14/Dec/2018:14:33:23 -0600] "GET /logout HTTP/1.1" 302 -
::1 - - [14/Dec/2018:14:33:23 -0600] "GET /login HTTP/1.1" 200 3338
::1 - - [14/Dec/2018:14:33:23 -0600] "GET /css/bootstrap.min.css HTTP/1.1" 304 -
::1 - - [14/Dec/2018:14:33:23 -0600] "GET /css/bootstrap-theme.min.css HTTP/1.1" 304 -
::1 - - [14/Dec/2018:14:33:23 -0600] "GET /css/style.css HTTP/1.1" 304 -
::1 - - [14/Dec/2018:14:33:23 -0600] "GET /js/jquery-3.1.0.min.js HTTP/1.1" 304 -
::1 - - [14/Dec/2018:14:33:23 -0600] "GET /js/bootstrap.min.js HTTP/1.1" 304 -
::1 - - [14/Dec/2018:14:33:23 -0600] "GET /img/overairlogo.png HTTP/1.1" 304 -
::1 - - [14/Dec/2018:14:34:52 -0600] "POST /login HTTP/1.1" 302 -
::1 - - [14/Dec/2018:14:34:52 -0600] "GET / HTTP/1.1" 200 7826
::1 - - [14/Dec/2018:14:34:52 -0600] "GET /css/bootstrap.min.css HTTP/1.1" 304 -
::1 - - [14/Dec/2018:14:34:52 -0600] "GET /css/bootstrap-theme.min.css HTTP/1.1" 304 -
::1 - - [14/Dec/2018:14:34:52 -0600] "GET /css/style.css HTTP/1.1" 304 -
::1 - - [14/Dec/2018:14:34:52 -0600] "GET /js/jquery-3.1.0.min.js HTTP/1.1" 304 -
::1 - - [14/Dec/2018:14:34:52 -0600] "GET /js/bootstrap.min.js HTTP/1.1" 304 -
::1 - - [14/Dec/2018:14:34:52 -0600] "GET /css/bootcomplete.css HTTP/1.1" 404 4461
::1 - - [14/Dec/2018:14:34:52 -0600] "GET /js/waiting.dialog.js HTTP/1.1" 404 4461
::1 - - [14/Dec/2018:14:34:52 -0600] "GET /img/loading.gif HTTP/1.1" 304 -
::1 - - [14/Dec/2018:14:34:52 -0600] "GET /img/overairlogo.png HTTP/1.1" 304 -
::1 - - [14/Dec/2018:14:34:52 -0600] "GET /js/jquery.bootcomplete.js HTTP/1.1" 404 4461
::1 - - [14/Dec/2018:14:34:52 -0600] "GET /css/bootstrap-datepicker3.css HTTP/1.1" 404 4461
::1 - - [14/Dec/2018:14:34:52 -0600] "GET /js/bootstrap-datepicker.min.js HTTP/1.1" 404 4461
::1 - - [14/Dec/2018:14:34:52 -0600] "GET /js/jquery.moveSelected.js HTTP/1.1" 404 4461
::1 - - [14/Dec/2018:14:34:52 -0600] "GET /fonts/glyphicons-halflings-regular.eot? HTTP/1.1" 304 -
::1 - - [14/Dec/2018:14:36:04 -0600] "GET / HTTP/1.1" 200 7652
::1 - - [14/Dec/2018:14:36:04 -0600] "GET /css/bootstrap.min.css HTTP/1.1" 304 -
::1 - - [14/Dec/2018:14:36:04 -0600] "GET /css/bootstrap-theme.min.css HTTP/1.1" 304 -
::1 - - [14/Dec/2018:14:36:04 -0600] "GET /css/style.css HTTP/1.1" 304 -
::1 - - [14/Dec/2018:14:36:04 -0600] "GET /js/jquery-3.1.0.min.js HTTP/1.1" 304 -
::1 - - [14/Dec/2018:14:36:04 -0600] "GET /js/bootstrap.min.js HTTP/1.1" 304 -
::1 - - [14/Dec/2018:14:36:04 -0600] "GET /css/bootcomplete.css HTTP/1.1" 404 4461
::1 - - [14/Dec/2018:14:36:04 -0600] "GET /js/waiting.dialog.js HTTP/1.1" 404 4461
::1 - - [14/Dec/2018:14:36:04 -0600] "GET /img/overairlogo.png HTTP/1.1" 304 -
::1 - - [14/Dec/2018:14:36:04 -0600] "GET /img/loading.gif HTTP/1.1" 304 -
::1 - - [14/Dec/2018:14:36:04 -0600] "GET /js/jquery.bootcomplete.js HTTP/1.1" 404 4461
::1 - - [14/Dec/2018:14:36:04 -0600] "GET /css/bootstrap-datepicker3.css HTTP/1.1" 404 4461
::1 - - [14/Dec/2018:14:36:04 -0600] "GET /js/bootstrap-datepicker.min.js HTTP/1.1" 404 4461
::1 - - [14/Dec/2018:14:36:04 -0600] "GET /js/jquery.moveSelected.js HTTP/1.1" 404 4461
::1 - - [14/Dec/2018:14:36:04 -0600] "GET /fonts/glyphicons-halflings-regular.eot? HTTP/1.1" 304 -
::1 - - [14/Dec/2018:14:36:13 -0600] "GET /user HTTP/1.1" 200 4340
::1 - - [14/Dec/2018:14:36:13 -0600] "GET /css/bootstrap.min.css HTTP/1.1" 304 -
::1 - - [14/Dec/2018:14:36:13 -0600] "GET /css/bootstrap-theme.min.css HTTP/1.1" 304 -
::1 - - [14/Dec/2018:14:36:13 -0600] "GET /css/style.css HTTP/1.1" 304 -
::1 - - [14/Dec/2018:14:36:13 -0600] "GET /js/jquery-3.1.0.min.js HTTP/1.1" 304 -
::1 - - [14/Dec/2018:14:36:13 -0600] "GET /js/bootstrap.min.js HTTP/1.1" 304 -
::1 - - [14/Dec/2018:14:36:13 -0600] "GET /css/bootcomplete.css HTTP/1.1" 404 4461
::1 - - [14/Dec/2018:14:36:13 -0600] "GET /img/overairlogo.png HTTP/1.1" 304 -
::1 - - [14/Dec/2018:14:36:13 -0600] "GET /img/loading.gif HTTP/1.1" 304 -
::1 - - [14/Dec/2018:14:36:13 -0600] "GET /js/jquery.bootcomplete.js HTTP/1.1" 404 4461
::1 - - [14/Dec/2018:14:36:13 -0600] "GET /js/bootstrap-datepicker.min.js HTTP/1.1" 404 4461
::1 - - [14/Dec/2018:14:36:13 -0600] "GET /js/waiting.dialog.js HTTP/1.1" 404 4461
::1 - - [14/Dec/2018:14:36:13 -0600] "GET /css/bootstrap-datepicker3.css HTTP/1.1" 404 4461
::1 - - [14/Dec/2018:14:36:13 -0600] "GET /js/jquery.moveSelected.js HTTP/1.1" 404 4461
::1 - - [14/Dec/2018:14:36:13 -0600] "GET /fonts/glyphicons-halflings-regular.eot? HTTP/1.1" 304 -
::1 - - [14/Dec/2018:14:36:16 -0600] "GET /user HTTP/1.1" 200 4340
::1 - - [14/Dec/2018:14:36:17 -0600] "GET /css/bootstrap.min.css HTTP/1.1" 304 -
::1 - - [14/Dec/2018:14:36:17 -0600] "GET /css/bootstrap-theme.min.css HTTP/1.1" 304 -
::1 - - [14/Dec/2018:14:36:17 -0600] "GET /css/style.css HTTP/1.1" 304 -
::1 - - [14/Dec/2018:14:36:17 -0600] "GET /js/jquery-3.1.0.min.js HTTP/1.1" 304 -
::1 - - [14/Dec/2018:14:36:17 -0600] "GET /js/bootstrap.min.js HTTP/1.1" 304 -
::1 - - [14/Dec/2018:14:36:17 -0600] "GET /js/waiting.dialog.js HTTP/1.1" 404 4461
::1 - - [14/Dec/2018:14:36:17 -0600] "GET /img/overairlogo.png HTTP/1.1" 304 -
::1 - - [14/Dec/2018:14:36:17 -0600] "GET /img/loading.gif HTTP/1.1" 304 -
::1 - - [14/Dec/2018:14:36:17 -0600] "GET /js/jquery.bootcomplete.js HTTP/1.1" 404 4461
::1 - - [14/Dec/2018:14:36:17 -0600] "GET /css/bootstrap-datepicker3.css HTTP/1.1" 404 4461
::1 - - [14/Dec/2018:14:36:17 -0600] "GET /css/bootcomplete.css HTTP/1.1" 404 4461
::1 - - [14/Dec/2018:14:36:17 -0600] "GET /js/bootstrap-datepicker.min.js HTTP/1.1" 404 4461
::1 - - [14/Dec/2018:14:36:17 -0600] "GET /js/jquery.moveSelected.js HTTP/1.1" 404 4461
::1 - - [14/Dec/2018:14:36:17 -0600] "GET /fonts/glyphicons-halflings-regular.eot? HTTP/1.1" 304 -
::1 - - [14/Dec/2018:15:05:46 -0600] "GET /logout HTTP/1.1" 200 368
::1 - - [14/Dec/2018:15:06:46 -0600] "GET /logout HTTP/1.1" 200 368
::1 - - [14/Dec/2018:15:08:22 -0600] "GET / HTTP/1.1" 200 7652
::1 - - [14/Dec/2018:15:08:22 -0600] "GET /css/bootstrap.min.css HTTP/1.1" 304 -
::1 - - [14/Dec/2018:15:08:22 -0600] "GET /css/bootstrap-theme.min.css HTTP/1.1" 304 -
::1 - - [14/Dec/2018:15:08:22 -0600] "GET /css/style.css HTTP/1.1" 304 -
::1 - - [14/Dec/2018:15:08:22 -0600] "GET /js/jquery-3.1.0.min.js HTTP/1.1" 304 -
::1 - - [14/Dec/2018:15:08:22 -0600] "GET /js/bootstrap.min.js HTTP/1.1" 304 -
::1 - - [14/Dec/2018:15:08:22 -0600] "GET /js/jquery.bootcomplete.js HTTP/1.1" 404 4461
::1 - - [14/Dec/2018:15:08:23 -0600] "GET /img/overairlogo.png HTTP/1.1" 304 -
::1 - - [14/Dec/2018:15:08:23 -0600] "GET /img/loading.gif HTTP/1.1" 304 -
::1 - - [14/Dec/2018:15:08:22 -0600] "GET /css/bootstrap-datepicker3.css HTTP/1.1" 404 4461
::1 - - [14/Dec/2018:15:08:22 -0600] "GET /css/bootcomplete.css HTTP/1.1" 404 4461
::1 - - [14/Dec/2018:15:08:22 -0600] "GET /js/waiting.dialog.js HTTP/1.1" 404 4461
::1 - - [14/Dec/2018:15:08:22 -0600] "GET /js/jquery.moveSelected.js HTTP/1.1" 404 4461
::1 - - [14/Dec/2018:15:08:22 -0600] "GET /js/bootstrap-datepicker.min.js HTTP/1.1" 404 4461
::1 - - [14/Dec/2018:15:08:23 -0600] "GET /fonts/glyphicons-halflings-regular.eot? HTTP/1.1" 304 -
::1 - - [14/Dec/2018:15:08:26 -0600] "GET /user HTTP/1.1" 200 368
::1 - - [14/Dec/2018:15:11:20 -0600] "GET /user HTTP/1.1" 500 6755
::1 - - [14/Dec/2018:15:11:21 -0600] "GET /css/bootstrap.min.css HTTP/1.1" 200 121205
::1 - - [14/Dec/2018:15:11:21 -0600] "GET /css/bootstrap-theme.min.css HTTP/1.1" 200 23414
::1 - - [14/Dec/2018:15:11:21 -0600] "GET /css/style.css HTTP/1.1" 200 5391
::1 - - [14/Dec/2018:15:11:21 -0600] "GET /css/bootcomplete.css HTTP/1.1" 404 4461
::1 - - [14/Dec/2018:15:11:21 -0600] "GET /css/bootstrap-datepicker3.css HTTP/1.1" 404 4461
::1 - - [14/Dec/2018:15:11:21 -0600] "GET /js/jquery-3.1.0.min.js HTTP/1.1" 200 86355
::1 - - [14/Dec/2018:15:11:21 -0600] "GET /js/bootstrap.min.js HTTP/1.1" 200 37051
::1 - - [14/Dec/2018:15:11:21 -0600] "GET /js/jquery.bootcomplete.js HTTP/1.1" 404 4461
::1 - - [14/Dec/2018:15:11:21 -0600] "GET /js/waiting.dialog.js HTTP/1.1" 404 4461
::1 - - [14/Dec/2018:15:11:21 -0600] "GET /js/bootstrap-datepicker.min.js HTTP/1.1" 404 4461
::1 - - [14/Dec/2018:15:11:21 -0600] "GET /js/jquery.moveSelected.js HTTP/1.1" 404 4461
::1 - - [14/Dec/2018:15:11:21 -0600] "GET /img/loading.gif HTTP/1.1" 200 1849
::1 - - [14/Dec/2018:15:11:21 -0600] "GET /img/overairlogo.png HTTP/1.1" 200 28850
::1 - - [14/Dec/2018:15:11:21 -0600] "GET /fonts/glyphicons-halflings-regular.eot? HTTP/1.1" 200 20127
::1 - - [14/Dec/2018:15:12:09 -0600] "GET /user HTTP/1.1" 200 417
::1 - - [14/Dec/2018:15:14:56 -0600] "GET /user HTTP/1.1" 200 4340
::1 - - [14/Dec/2018:15:14:56 -0600] "GET /css/bootstrap.min.css HTTP/1.1" 304 -
::1 - - [14/Dec/2018:15:14:56 -0600] "GET /css/bootstrap-theme.min.css HTTP/1.1" 304 -
::1 - - [14/Dec/2018:15:14:56 -0600] "GET /css/style.css HTTP/1.1" 304 -
::1 - - [14/Dec/2018:15:14:56 -0600] "GET /js/jquery-3.1.0.min.js HTTP/1.1" 304 -
::1 - - [14/Dec/2018:15:14:56 -0600] "GET /js/bootstrap.min.js HTTP/1.1" 304 -
::1 - - [14/Dec/2018:15:14:56 -0600] "GET /css/bootstrap-datepicker3.css HTTP/1.1" 404 4461
::1 - - [14/Dec/2018:15:14:56 -0600] "GET /img/overairlogo.png HTTP/1.1" 304 -
::1 - - [14/Dec/2018:15:14:56 -0600] "GET /img/loading.gif HTTP/1.1" 304 -
::1 - - [14/Dec/2018:15:14:56 -0600] "GET /js/jquery.bootcomplete.js HTTP/1.1" 404 4461
::1 - - [14/Dec/2018:15:14:56 -0600] "GET /css/bootcomplete.css HTTP/1.1" 404 4461
::1 - - [14/Dec/2018:15:14:56 -0600] "GET /js/waiting.dialog.js HTTP/1.1" 404 4461
::1 - - [14/Dec/2018:15:14:56 -0600] "GET /js/bootstrap-datepicker.min.js HTTP/1.1" 404 4461
::1 - - [14/Dec/2018:15:14:56 -0600] "GET /js/jquery.moveSelected.js HTTP/1.1" 404 4461
::1 - - [14/Dec/2018:15:14:56 -0600] "GET /fonts/glyphicons-halflings-regular.eot? HTTP/1.1" 304 -
::1 - - [14/Dec/2018:15:14:59 -0600] "GET /logout HTTP/1.1" 302 -
::1 - - [14/Dec/2018:15:14:59 -0600] "GET /login HTTP/1.1" 200 3338
::1 - - [14/Dec/2018:15:15:00 -0600] "GET /css/bootstrap.min.css HTTP/1.1" 304 -
::1 - - [14/Dec/2018:15:15:00 -0600] "GET /css/bootstrap-theme.min.css HTTP/1.1" 304 -
::1 - - [14/Dec/2018:15:15:00 -0600] "GET /css/style.css HTTP/1.1" 304 -
::1 - - [14/Dec/2018:15:15:00 -0600] "GET /js/jquery-3.1.0.min.js HTTP/1.1" 304 -
::1 - - [14/Dec/2018:15:15:00 -0600] "GET /js/bootstrap.min.js HTTP/1.1" 304 -
::1 - - [14/Dec/2018:15:15:00 -0600] "GET /img/overairlogo.png HTTP/1.1" 304 -
::1 - - [18/Dec/2018:10:57:28 -0600] "GET / HTTP/1.1" 200 6950
::1 - - [18/Dec/2018:10:57:33 -0600] "GET /css/style.css HTTP/1.1" 200 5391
::1 - - [18/Dec/2018:10:57:33 -0600] "GET /css/bootstrap-theme.min.css HTTP/1.1" 200 23414
::1 - - [18/Dec/2018:10:57:33 -0600] "GET /css/bootstrap.min.css HTTP/1.1" 200 121205
::1 - - [18/Dec/2018:10:57:33 -0600] "GET /js/bootstrap.min.js HTTP/1.1" 200 37051
::1 - - [18/Dec/2018:10:57:33 -0600] "GET /js/jquery-3.1.0.min.js HTTP/1.1" 200 86355
::1 - - [18/Dec/2018:10:57:33 -0600] "GET /css/bootcomplete.css HTTP/1.1" 404 3759
::1 - - [18/Dec/2018:10:57:34 -0600] "GET /img/overairlogo.png HTTP/1.1" 200 28850
::1 - - [18/Dec/2018:10:57:34 -0600] "GET /img/loading.gif HTTP/1.1" 200 1849
::1 - - [18/Dec/2018:10:57:33 -0600] "GET /js/waiting.dialog.js HTTP/1.1" 404 3759
::1 - - [18/Dec/2018:10:57:33 -0600] "GET /css/bootstrap-datepicker3.css HTTP/1.1" 404 3759
::1 - - [18/Dec/2018:10:57:33 -0600] "GET /js/jquery.bootcomplete.js HTTP/1.1" 404 3759
::1 - - [18/Dec/2018:10:57:33 -0600] "GET /js/jquery.moveSelected.js HTTP/1.1" 404 3759
::1 - - [18/Dec/2018:10:57:33 -0600] "GET /js/bootstrap-datepicker.min.js HTTP/1.1" 404 3759
::1 - - [18/Dec/2018:10:57:34 -0600] "GET /img/favicon-ntt.ico HTTP/1.1" 200 1576
::1 - - [18/Dec/2018:10:57:38 -0600] "GET /api HTTP/1.1" 404 3759
::1 - - [18/Dec/2018:10:57:38 -0600] "GET /css/bootstrap.min.css HTTP/1.1" 304 -
::1 - - [18/Dec/2018:10:57:38 -0600] "GET /css/bootstrap-theme.min.css HTTP/1.1" 304 -
::1 - - [18/Dec/2018:10:57:38 -0600] "GET /css/style.css HTTP/1.1" 304 -
::1 - - [18/Dec/2018:10:57:38 -0600] "GET /js/jquery-3.1.0.min.js HTTP/1.1" 304 -
::1 - - [18/Dec/2018:10:57:38 -0600] "GET /js/bootstrap.min.js HTTP/1.1" 304 -
::1 - - [18/Dec/2018:10:57:38 -0600] "GET /css/bootstrap-datepicker3.css HTTP/1.1" 404 3759
::1 - - [18/Dec/2018:10:57:38 -0600] "GET /css/bootcomplete.css HTTP/1.1" 404 3759
::1 - - [18/Dec/2018:10:57:38 -0600] "GET /img/overairlogo.png HTTP/1.1" 304 -
::1 - - [18/Dec/2018:10:57:38 -0600] "GET /img/loading.gif HTTP/1.1" 304 -
::1 - - [18/Dec/2018:10:57:38 -0600] "GET /js/waiting.dialog.js HTTP/1.1" 404 3759
::1 - - [18/Dec/2018:10:57:38 -0600] "GET /js/jquery.bootcomplete.js HTTP/1.1" 404 3759
::1 - - [18/Dec/2018:10:57:38 -0600] "GET /js/bootstrap-datepicker.min.js HTTP/1.1" 404 3759
::1 - - [18/Dec/2018:10:57:38 -0600] "GET /js/jquery.moveSelected.js HTTP/1.1" 404 3759
::1 - - [18/Dec/2018:11:00:14 -0600] "GET /api HTTP/1.1" 403 5934
::1 - - [18/Dec/2018:11:00:14 -0600] "GET /css/bootstrap.min.css HTTP/1.1" 304 -
::1 - - [18/Dec/2018:11:00:14 -0600] "GET /css/bootstrap-theme.min.css HTTP/1.1" 304 -
::1 - - [18/Dec/2018:11:00:14 -0600] "GET /css/style.css HTTP/1.1" 304 -
::1 - - [18/Dec/2018:11:00:14 -0600] "GET /js/jquery-3.1.0.min.js HTTP/1.1" 304 -
::1 - - [18/Dec/2018:11:00:14 -0600] "GET /js/bootstrap.min.js HTTP/1.1" 304 -
::1 - - [18/Dec/2018:11:00:14 -0600] "GET /css/bootcomplete.css HTTP/1.1" 404 3759
::1 - - [18/Dec/2018:11:00:15 -0600] "GET /img/overairlogo.png HTTP/1.1" 304 -
::1 - - [18/Dec/2018:11:00:15 -0600] "GET /img/loading.gif HTTP/1.1" 304 -
::1 - - [18/Dec/2018:11:00:14 -0600] "GET /js/jquery.bootcomplete.js HTTP/1.1" 404 3759
::1 - - [18/Dec/2018:11:00:14 -0600] "GET /js/waiting.dialog.js HTTP/1.1" 404 3759
::1 - - [18/Dec/2018:11:00:14 -0600] "GET /css/bootstrap-datepicker3.css HTTP/1.1" 404 3759
::1 - - [18/Dec/2018:11:00:14 -0600] "GET /js/bootstrap-datepicker.min.js HTTP/1.1" 404 3759
::1 - - [18/Dec/2018:11:00:14 -0600] "GET /js/jquery.moveSelected.js HTTP/1.1" 404 3759
::1 - - [18/Dec/2018:11:01:42 -0600] "GET /api HTTP/1.1" 403 5934
::1 - - [18/Dec/2018:11:01:42 -0600] "GET /css/bootstrap.min.css HTTP/1.1" 304 -
::1 - - [18/Dec/2018:11:01:42 -0600] "GET /css/bootstrap-theme.min.css HTTP/1.1" 304 -
::1 - - [18/Dec/2018:11:01:42 -0600] "GET /css/style.css HTTP/1.1" 304 -
::1 - - [18/Dec/2018:11:01:42 -0600] "GET /js/jquery-3.1.0.min.js HTTP/1.1" 304 -
::1 - - [18/Dec/2018:11:01:42 -0600] "GET /js/bootstrap.min.js HTTP/1.1" 304 -
::1 - - [18/Dec/2018:11:01:42 -0600] "GET /js/jquery.bootcomplete.js HTTP/1.1" 404 3887
::1 - - [18/Dec/2018:11:01:42 -0600] "GET /js/bootstrap-datepicker.min.js HTTP/1.1" 404 3887
::1 - - [18/Dec/2018:11:01:43 -0600] "GET /img/overairlogo.png HTTP/1.1" 304 -
::1 - - [18/Dec/2018:11:01:43 -0600] "GET /img/loading.gif HTTP/1.1" 304 -
::1 - - [18/Dec/2018:11:01:42 -0600] "GET /css/bootstrap-datepicker3.css HTTP/1.1" 404 3887
::1 - - [18/Dec/2018:11:01:42 -0600] "GET /js/waiting.dialog.js HTTP/1.1" 404 3887
::1 - - [18/Dec/2018:11:01:42 -0600] "GET /js/jquery.moveSelected.js HTTP/1.1" 404 3887
::1 - - [18/Dec/2018:11:01:42 -0600] "GET /css/bootcomplete.css HTTP/1.1" 404 3887
::1 - - [18/Dec/2018:11:03:53 -0600] "GET /api HTTP/1.1" 403 3959
::1 - - [18/Dec/2018:11:03:54 -0600] "GET /css/bootstrap.min.css HTTP/1.1" 304 -
::1 - - [18/Dec/2018:11:03:54 -0600] "GET /css/bootstrap-theme.min.css HTTP/1.1" 304 -
::1 - - [18/Dec/2018:11:03:54 -0600] "GET /css/style.css HTTP/1.1" 304 -
::1 - - [18/Dec/2018:11:03:54 -0600] "GET /js/jquery-3.1.0.min.js HTTP/1.1" 304 -
::1 - - [18/Dec/2018:11:03:54 -0600] "GET /js/bootstrap.min.js HTTP/1.1" 304 -
::1 - - [18/Dec/2018:11:03:54 -0600] "GET /js/waiting.dialog.js HTTP/1.1" 404 3887
::1 - - [18/Dec/2018:11:03:54 -0600] "GET /css/bootstrap-datepicker3.css HTTP/1.1" 404 3887
::1 - - [18/Dec/2018:11:03:54 -0600] "GET /js/jquery.bootcomplete.js HTTP/1.1" 404 3887
::1 - - [18/Dec/2018:11:03:54 -0600] "GET /img/overairlogo.png HTTP/1.1" 304 -
::1 - - [18/Dec/2018:11:03:54 -0600] "GET /img/loading.gif HTTP/1.1" 304 -
::1 - - [18/Dec/2018:11:03:54 -0600] "GET /img/sad-face.jpg HTTP/1.1" 200 12839
::1 - - [18/Dec/2018:11:03:54 -0600] "GET /css/bootcomplete.css HTTP/1.1" 404 3887
::1 - - [18/Dec/2018:11:03:54 -0600] "GET /js/jquery.moveSelected.js HTTP/1.1" 404 3887
::1 - - [18/Dec/2018:11:03:54 -0600] "GET /js/bootstrap-datepicker.min.js HTTP/1.1" 404 3887
::1 - - [18/Dec/2018:11:04:09 -0600] "GET /apis HTTP/1.1" 404 3887
::1 - - [18/Dec/2018:11:04:09 -0600] "GET /css/bootstrap.min.css HTTP/1.1" 304 -
::1 - - [18/Dec/2018:11:04:09 -0600] "GET /css/bootstrap-theme.min.css HTTP/1.1" 304 -
::1 - - [18/Dec/2018:11:04:09 -0600] "GET /css/style.css HTTP/1.1" 304 -
::1 - - [18/Dec/2018:11:04:09 -0600] "GET /js/jquery-3.1.0.min.js HTTP/1.1" 304 -
::1 - - [18/Dec/2018:11:04:09 -0600] "GET /js/bootstrap.min.js HTTP/1.1" 304 -
::1 - - [18/Dec/2018:11:04:09 -0600] "GET /css/bootstrap-datepicker3.css HTTP/1.1" 404 3887
::1 - - [18/Dec/2018:11:04:09 -0600] "GET /img/overairlogo.png HTTP/1.1" 304 -
::1 - - [18/Dec/2018:11:04:09 -0600] "GET /img/loading.gif HTTP/1.1" 304 -
::1 - - [18/Dec/2018:11:04:09 -0600] "GET /img/page-not-found.png HTTP/1.1" 200 15973
::1 - - [18/Dec/2018:11:04:09 -0600] "GET /js/waiting.dialog.js HTTP/1.1" 404 3887
::1 - - [18/Dec/2018:11:04:09 -0600] "GET /css/bootcomplete.css HTTP/1.1" 404 3887
::1 - - [18/Dec/2018:11:04:09 -0600] "GET /js/bootstrap-datepicker.min.js HTTP/1.1" 404 3887
::1 - - [18/Dec/2018:11:04:09 -0600] "GET /js/jquery.bootcomplete.js HTTP/1.1" 404 3887
::1 - - [18/Dec/2018:11:04:09 -0600] "GET /js/jquery.moveSelected.js HTTP/1.1" 404 3887
::1 - - [18/Dec/2018:11:12:55 -0600] "GET /api/upload/config/v1 HTTP/1.1" 403 63
::1 - - [18/Dec/2018:11:13:17 -0600] "GET /api/upload/config/v1/julio.molinero@nttdata.com HTTP/1.1" 403 63
::1 - - [18/Dec/2018:11:15:30 -0600] "GET /api/upload/config/v1/julio.molinero@nttdata.com HTTP/1.1" 200 203
::1 - - [18/Dec/2018:11:17:49 -0600] "GET /api/upload/config/v1/julio.molinero@nttdata.com HTTP/1.1" 200 203
::1 - - [18/Dec/2018:11:18:59 -0600] "GET /api/upload/config/v1/julio.molinero@nttdata.com HTTP/1.1" 403 -
::1 - - [18/Dec/2018:11:20:55 -0600] "GET /api/upload/config/v1/julio.molinero@nttdata.com HTTP/1.1" 403 -
::1 - - [18/Dec/2018:11:22:24 -0600] "GET /api/upload/config/v1/julio.molinero@nttdata.com HTTP/1.1" 200 18
::1 - - [18/Dec/2018:11:28:09 -0600] "POST /api/upload/config/v1/ HTTP/1.1" 404 33
::1 - - [18/Dec/2018:11:28:42 -0600] "POST /api/upload/config/v1 HTTP/1.1" 403 -
::1 - - [18/Dec/2018:11:32:14 -0600] "POST /api/upload/config/v1 HTTP/1.1" 500 79
::1 - - [18/Dec/2018:11:34:24 -0600] "POST /api/upload/config/v1 HTTP/1.1" 500 79
::1 - - [18/Dec/2018:11:35:58 -0600] "POST /api/upload/config/v1 HTTP/1.1" 500 84
::1 - - [18/Dec/2018:11:36:38 -0600] "POST /api/upload/config/v1 HTTP/1.1" 500 92
::1 - - [18/Dec/2018:11:37:31 -0600] "POST /api/upload/config/v1 HTTP/1.1" 500 92
::1 - - [18/Dec/2018:11:38:14 -0600] "POST /api/upload/config/v1 HTTP/1.1" 500 124
::1 - - [18/Dec/2018:11:42:28 -0600] "POST /api/upload/config/v1 HTTP/1.1" 500 84
::1 - - [18/Dec/2018:11:42:46 -0600] "POST /api/upload/config/v1 HTTP/1.1" 500 84
::1 - - [18/Dec/2018:11:42:55 -0600] "POST /api/upload/config/v1 HTTP/1.1" 500 149
::1 - - [18/Dec/2018:11:43:27 -0600] "POST /api/upload/config/v1 HTTP/1.1" 200 147
::1 - - [18/Dec/2018:11:44:16 -0600] "POST /api/upload/config/v1 HTTP/1.1" 500 84
::1 - - [18/Dec/2018:11:44:57 -0600] "POST /api/upload/config/v1 HTTP/1.1" 200 310
::1 - - [18/Dec/2018:11:45:30 -0600] "GET /api/upload/config/v1/julio.molinero@nttdata.com HTTP/1.1" 500 68
::1 - - [18/Dec/2018:11:46:32 -0600] "GET /api/upload/config/v1/julio.molinero@nttdata.com HTTP/1.1" 500 68
::1 - - [18/Dec/2018:11:47:54 -0600] "GET /api/upload/config/v1/julio.molinero@nttdata.com HTTP/1.1" 200 150
::1 - - [18/Dec/2018:11:50:55 -0600] "POST /api/upload/config/v1 HTTP/1.1" 500 84
::1 - - [18/Dec/2018:11:51:06 -0600] "POST /api/upload/config/v1 HTTP/1.1" 200 636
::1 - - [18/Dec/2018:11:51:38 -0600] "POST /api/upload/config/v1 HTTP/1.1" 200 47
::1 - - [18/Dec/2018:11:52:59 -0600] "GET /api/upload/config/v1/julio.molinero HTTP/1.1" 200 18
::1 - - [18/Dec/2018:11:53:17 -0600] "GET /api/upload/config/v1/julio.molinero HTTP/1.1" 200 18
::1 - - [18/Dec/2018:11:53:38 -0600] "GET /api/upload/config/v1/julio.molinero@nttdata.com HTTP/1.1" 200 948
